action: py36, msg: getenv
cwd: /mnt/c/Users/ryanh/Documents/chariot/src
cmd: /mnt/c/Users/ryanh/Documents/chariot/src/.tox/py36/bin/python -m pip install flake8 pylint bandit mypy pytest
Collecting flake8
  Using cached https://files.pythonhosted.org/packages/f8/1f/7ea40d1e4146ea55dbab41cda1376db092a75794914169aabd7e8d7a7def/flake8-3.7.9-py2.py3-none-any.whl
Collecting pylint
  Using cached https://files.pythonhosted.org/packages/e9/59/43fc36c5ee316bb9aeb7cf5329cdbdca89e5749c34d5602753827c0aa2dc/pylint-2.4.4-py3-none-any.whl
Collecting bandit
  Using cached https://files.pythonhosted.org/packages/5a/50/ff2f2c8f1f0ca1569f678eeb608c0f973b835985410985594fbee96be820/bandit-1.6.2-py2.py3-none-any.whl
Collecting mypy
  Using cached https://files.pythonhosted.org/packages/7e/2f/859faf744fab87c2e1749ef1e7bce1f7550ab1b384c872d657063beb0ac2/mypy-0.761-cp36-cp36m-manylinux1_x86_64.whl
Collecting pytest
  Downloading https://files.pythonhosted.org/packages/a5/c0/34033b2df7718b91c667bd259d5ce632ec3720198b7068c0ba6f6104ff89/pytest-5.3.5-py3-none-any.whl (235kB)
Collecting pyflakes<2.2.0,>=2.1.0
  Using cached https://files.pythonhosted.org/packages/84/f2/ed0ffb887f8138a8fe5a621b8c0bb9598bfb3989e029f6c6a85ee66628ee/pyflakes-2.1.1-py2.py3-none-any.whl
Collecting entrypoints<0.4.0,>=0.3.0
  Using cached https://files.pythonhosted.org/packages/ac/c6/44694103f8c221443ee6b0041f69e2740d89a25641e62fb4f2ee568f2f9c/entrypoints-0.3-py2.py3-none-any.whl
Collecting pycodestyle<2.6.0,>=2.5.0
  Using cached https://files.pythonhosted.org/packages/0e/0c/04a353e104d2f324f8ee5f4b32012618c1c86dd79e52a433b64fceed511b/pycodestyle-2.5.0-py2.py3-none-any.whl
Collecting mccabe<0.7.0,>=0.6.0
  Using cached https://files.pythonhosted.org/packages/87/89/479dc97e18549e21354893e4ee4ef36db1d237534982482c3681ee6e7b57/mccabe-0.6.1-py2.py3-none-any.whl
Collecting isort<5,>=4.2.5
  Using cached https://files.pythonhosted.org/packages/e5/b0/c121fd1fa3419ea9bfd55c7f9c4fedfec5143208d8c7ad3ce3db6c623c21/isort-4.3.21-py2.py3-none-any.whl
Collecting astroid<2.4,>=2.3.0
  Using cached https://files.pythonhosted.org/packages/ad/ae/86734823047962e7b8c8529186a1ac4a7ca19aaf1aa0c7713c022ef593fd/astroid-2.3.3-py3-none-any.whl
Collecting PyYAML>=3.13
  Using cached https://files.pythonhosted.org/packages/3d/d9/ea9816aea31beeadccd03f1f8b625ecf8f645bd66744484d162d84803ce5/PyYAML-5.3.tar.gz
Collecting stevedore>=1.20.0
  Using cached https://files.pythonhosted.org/packages/b1/e1/f5ddbd83f60b03f522f173c03e406c1bff8343f0232a292ac96aa633b47a/stevedore-1.31.0-py2.py3-none-any.whl
Collecting GitPython>=1.0.1
  Using cached https://files.pythonhosted.org/packages/20/8c/4543981439d23c4ff65b2e62dddd767ebc84a8e664a9b67e840d1e2730d3/GitPython-3.0.5-py3-none-any.whl
Collecting six>=1.10.0
  Downloading https://files.pythonhosted.org/packages/65/eb/1f97cb97bfc2390a276969c6fae16075da282f5058082d4cb10c6c5c1dba/six-1.14.0-py2.py3-none-any.whl
Collecting typing-extensions>=3.7.4
  Using cached https://files.pythonhosted.org/packages/03/92/705fe8aca27678e01bbdd7738173b8e7df0088a2202c80352f664630d638/typing_extensions-3.7.4.1-py3-none-any.whl
Collecting typed-ast<1.5.0,>=1.4.0
  Downloading https://files.pythonhosted.org/packages/90/ed/5459080d95eb87a02fe860d447197be63b6e2b5e9ff73c2b0a85622994f4/typed_ast-1.4.1-cp36-cp36m-manylinux1_x86_64.whl (737kB)
Collecting mypy-extensions<0.5.0,>=0.4.3
  Using cached https://files.pythonhosted.org/packages/5c/eb/975c7c080f3223a5cdaff09612f3a5221e4ba534f7039db34c35d95fa6a5/mypy_extensions-0.4.3-py2.py3-none-any.whl
Collecting importlib-metadata>=0.12; python_version < "3.8"
  Downloading https://files.pythonhosted.org/packages/8b/03/a00d504808808912751e64ccf414be53c29cad620e3de2421135fcae3025/importlib_metadata-1.5.0-py2.py3-none-any.whl
Collecting pluggy<1.0,>=0.12
  Using cached https://files.pythonhosted.org/packages/a0/28/85c7aa31b80d150b772fbe4a229487bc6644da9ccb7e427dd8cc60cb8a62/pluggy-0.13.1-py2.py3-none-any.whl
Collecting wcwidth
  Using cached https://files.pythonhosted.org/packages/58/b4/4850a0ccc6f567cc0ebe7060d20ffd4258b8210efadc259da62dc6ed9c65/wcwidth-0.1.8-py2.py3-none-any.whl
Collecting more-itertools>=4.0.0
  Downloading https://files.pythonhosted.org/packages/72/96/4297306cc270eef1e3461da034a3bebe7c84eff052326b130824e98fc3fb/more_itertools-8.2.0-py3-none-any.whl (43kB)
Collecting py>=1.5.0
  Using cached https://files.pythonhosted.org/packages/99/8d/21e1767c009211a62a8e3067280bfce76e89c9f876180308515942304d2d/py-1.8.1-py2.py3-none-any.whl
Collecting attrs>=17.4.0
  Using cached https://files.pythonhosted.org/packages/a2/db/4313ab3be961f7a763066401fb77f7748373b6094076ae2bda2806988af6/attrs-19.3.0-py2.py3-none-any.whl
Collecting packaging
  Downloading https://files.pythonhosted.org/packages/98/42/87c585dd3b113c775e65fd6b8d9d0a43abe1819c471d7af702d4e01e9b20/packaging-20.1-py2.py3-none-any.whl
Collecting lazy-object-proxy==1.4.*
  Using cached https://files.pythonhosted.org/packages/0b/dd/b1e3407e9e6913cf178e506cd0dee818e58694d9a5cd1984e3f6a8b9a10f/lazy_object_proxy-1.4.3-cp36-cp36m-manylinux1_x86_64.whl
Collecting wrapt==1.11.*
  Using cached https://files.pythonhosted.org/packages/23/84/323c2415280bc4fc880ac5050dddfb3c8062c2552b34c2e512eb4aa68f79/wrapt-1.11.2.tar.gz
Collecting pbr!=2.1.0,>=2.0.0
  Using cached https://files.pythonhosted.org/packages/7a/db/a968fd7beb9fe06901c1841cb25c9ccb666ca1b9a19b114d1bbedf1126fc/pbr-5.4.4-py2.py3-none-any.whl
Collecting gitdb2>=2.0.0
  Using cached https://files.pythonhosted.org/packages/03/6c/99296f89bad2ef85626e1df9f677acbee8885bb043ad82ad3ed4746d2325/gitdb2-2.0.6-py2.py3-none-any.whl
Collecting zipp>=0.5
  Downloading https://files.pythonhosted.org/packages/be/69/4ac28bf238f287f1677f41392e24d2c4ffafcf11648c23824f5f62ef6ccb/zipp-2.1.0-py3-none-any.whl
Collecting pyparsing>=2.0.2
  Using cached https://files.pythonhosted.org/packages/5d/bc/1e58593167fade7b544bfe9502a26dc860940a79ab306e651e7f13be68c2/pyparsing-2.4.6-py2.py3-none-any.whl
Collecting smmap2>=2.0.0
  Using cached https://files.pythonhosted.org/packages/55/d2/866d45e3a121ee15a1dc013824d58072fd5c7799c9c34d01378eb262ca8f/smmap2-2.0.5-py2.py3-none-any.whl
Building wheels for collected packages: PyYAML, wrapt
  Building wheel for PyYAML (setup.py): started
  Building wheel for PyYAML (setup.py): finished with status 'done'
  Created wheel for PyYAML: filename=PyYAML-5.3-cp36-cp36m-linux_x86_64.whl size=44229 sha256=ced2c675daf9a5d43b3682e07b92ffae9e3d4205c82c59e644d330e384a2763a
  Stored in directory: /home/ryan/.cache/pip/wheels/e4/76/4d/a95b8dd7b452b69e8ed4f68b69e1b55e12c9c9624dd962b191
  Building wheel for wrapt (setup.py): started
  Building wheel for wrapt (setup.py): finished with status 'done'
  Created wheel for wrapt: filename=wrapt-1.11.2-cp36-cp36m-linux_x86_64.whl size=67540 sha256=35dc5ca283a81c102d1a07c74b8f619ec148808f1621e17774850c5a7cd64c7d
  Stored in directory: /home/ryan/.cache/pip/wheels/d7/de/2e/efa132238792efb6459a96e85916ef8597fcb3d2ae51590dfd
Successfully built PyYAML wrapt
Installing collected packages: pyflakes, entrypoints, pycodestyle, mccabe, flake8, isort, lazy-object-proxy, wrapt, six, typed-ast, astroid, pylint, PyYAML, pbr, stevedore, smmap2, gitdb2, GitPython, bandit, typing-extensions, mypy-extensions, mypy, zipp, importlib-metadata, pluggy, wcwidth, more-itertools, py, attrs, pyparsing, packaging, pytest
Successfully installed GitPython-3.0.5 PyYAML-5.3 astroid-2.3.3 attrs-19.3.0 bandit-1.6.2 entrypoints-0.3 flake8-3.7.9 gitdb2-2.0.6 importlib-metadata-1.5.0 isort-4.3.21 lazy-object-proxy-1.4.3 mccabe-0.6.1 more-itertools-8.2.0 mypy-0.761 mypy-extensions-0.4.3 packaging-20.1 pbr-5.4.4 pluggy-0.13.1 py-1.8.1 pycodestyle-2.5.0 pyflakes-2.1.1 pylint-2.4.4 pyparsing-2.4.6 pytest-5.3.5 six-1.14.0 smmap2-2.0.5 stevedore-1.31.0 typed-ast-1.4.1 typing-extensions-3.7.4.1 wcwidth-0.1.8 wrapt-1.11.2 zipp-2.1.0
WARNING: You are using pip version 19.3.1; however, version 20.0.2 is available.
You should consider upgrading via the 'pip install --upgrade pip' command.
