action: GLOB, msg: packaging
cwd: /mnt/c/Users/ryanh/Documents/chariot/src
cmd: /mnt/c/Users/ryanh/Documents/chariot/src/bin/python3 setup.py sdist --formats=zip --dist-dir .tox/dist
running sdist
running egg_info
writing chariot.egg-info/PKG-INFO
writing dependency_links to chariot.egg-info/dependency_links.txt
writing top-level names to chariot.egg-info/top_level.txt
reading manifest file 'chariot.egg-info/SOURCES.txt'
writing manifest file 'chariot.egg-info/SOURCES.txt'
/usr/lib/python3.6/distutils/dist.py:261: UserWarning: Unknown distribution option: 'long_description_content_type'
  warnings.warn(msg)
warning: sdist: standard file not found: should have one of README, README.rst, README.txt, README.md

running check
warning: check: missing meta-data: if 'author' supplied, 'author_email' must be supplied too

creating chariot-0.1
creating chariot-0.1/chariot
creating chariot-0.1/chariot.egg-info
creating chariot-0.1/chariot/api
creating chariot-0.1/chariot/core
creating chariot-0.1/chariot/core/database
creating chariot-0.1/chariot/core/device
creating chariot-0.1/chariot/core/network
copying files to chariot-0.1...
copying setup.py -> chariot-0.1
copying chariot/__init__.py -> chariot-0.1/chariot
copying chariot.egg-info/PKG-INFO -> chariot-0.1/chariot.egg-info
copying chariot.egg-info/SOURCES.txt -> chariot-0.1/chariot.egg-info
copying chariot.egg-info/dependency_links.txt -> chariot-0.1/chariot.egg-info
copying chariot.egg-info/top_level.txt -> chariot-0.1/chariot.egg-info
copying chariot/api/__init__.py -> chariot-0.1/chariot/api
copying chariot/core/JSONTypes.py -> chariot-0.1/chariot/core
copying chariot/core/__init__.py -> chariot-0.1/chariot/core
copying chariot/core/database/Database.py -> chariot-0.1/chariot/core/database
copying chariot/core/database/MongoDatabase.py -> chariot-0.1/chariot/core/database
copying chariot/core/database/SqliteDatabase.py -> chariot-0.1/chariot/core/database
copying chariot/core/database/__init__.py -> chariot-0.1/chariot/core/database
copying chariot/core/device/DeviceAdapterFactory.py -> chariot-0.1/chariot/core/device
copying chariot/core/device/__init__.py -> chariot-0.1/chariot/core/device
copying chariot/core/network/Network.py -> chariot-0.1/chariot/core/network
copying chariot/core/network/NetworkManager.py -> chariot-0.1/chariot/core/network
copying chariot/core/network/__init__.py -> chariot-0.1/chariot/core/network
Writing chariot-0.1/setup.cfg
creating '.tox/dist/chariot-0.1.zip' and adding 'chariot-0.1' to it
adding 'chariot-0.1'
adding 'chariot-0.1/chariot'
adding 'chariot-0.1/chariot.egg-info'
adding 'chariot-0.1/PKG-INFO'
adding 'chariot-0.1/setup.cfg'
adding 'chariot-0.1/setup.py'
adding 'chariot-0.1/chariot/api'
adding 'chariot-0.1/chariot/core'
adding 'chariot-0.1/chariot/__init__.py'
adding 'chariot-0.1/chariot/api/__init__.py'
adding 'chariot-0.1/chariot/core/database'
adding 'chariot-0.1/chariot/core/device'
adding 'chariot-0.1/chariot/core/network'
adding 'chariot-0.1/chariot/core/JSONTypes.py'
adding 'chariot-0.1/chariot/core/__init__.py'
adding 'chariot-0.1/chariot/core/database/Database.py'
adding 'chariot-0.1/chariot/core/database/MongoDatabase.py'
adding 'chariot-0.1/chariot/core/database/SqliteDatabase.py'
adding 'chariot-0.1/chariot/core/database/__init__.py'
adding 'chariot-0.1/chariot/core/device/DeviceAdapterFactory.py'
adding 'chariot-0.1/chariot/core/device/__init__.py'
adding 'chariot-0.1/chariot/core/network/Network.py'
adding 'chariot-0.1/chariot/core/network/NetworkManager.py'
adding 'chariot-0.1/chariot/core/network/__init__.py'
adding 'chariot-0.1/chariot.egg-info/dependency_links.txt'
adding 'chariot-0.1/chariot.egg-info/PKG-INFO'
adding 'chariot-0.1/chariot.egg-info/SOURCES.txt'
adding 'chariot-0.1/chariot.egg-info/top_level.txt'
removing 'chariot-0.1' (and everything under it)
